0 info it worked if it ends with ok
1 verbose cli [
1 verbose cli   'C:\\Program Files\\nodejs\\node.exe',
1 verbose cli   'C:\\Program Files\\nodejs\\node_modules\\npm\\bin\\npm-cli.js',
1 verbose cli   'start',
1 verbose cli   'dev'
1 verbose cli ]
2 info using npm@6.14.15
3 info using node@v14.18.1
4 verbose run-script [ 'prestart', 'start', 'poststart' ]
5 info lifecycle doctors-portal-server@1.0.0~prestart: doctors-portal-server@1.0.0
6 info lifecycle doctors-portal-server@1.0.0~start: doctors-portal-server@1.0.0
7 verbose lifecycle doctors-portal-server@1.0.0~start: unsafe-perm in lifecycle true
8 verbose lifecycle doctors-portal-server@1.0.0~start: PATH: C:\Program Files\nodejs\node_modules\npm\node_modules\npm-lifecycle\node-gyp-bin;E:\Complete-Web-Development-Batch-4\project\full-stack-project\doctors-portal-server\node_modules\.bin;C:\WINDOWS\system32;C:\WINDOWS;C:\WINDOWS\System32\Wbem;C:\WINDOWS\System32\WindowsPowerShell\v1.0\;C:\WINDOWS\System32\OpenSSH\;C:\Program Files\Git\cmd;C:\Program Files\nodejs\;C:\Users\Md. Samiul\AppData\Local\Microsoft\WindowsApps;C:\Users\Md. Samiul\AppData\Local\Programs\Microsoft VS Code\bin;E:\heroku\bin;C:\Users\Md. Samiul\AppData\Roaming\npm;C:\Program Files\heroku\bin
9 verbose lifecycle doctors-portal-server@1.0.0~start: CWD: E:\Complete-Web-Development-Batch-4\project\full-stack-project\doctors-portal-server
10 silly lifecycle doctors-portal-server@1.0.0~start: Args: [ '/d /s /c', 'node index.js "dev"' ]
11 silly lifecycle doctors-portal-server@1.0.0~start: Returned: code: 3221225786  signal: null
12 info lifecycle doctors-portal-server@1.0.0~start: Failed to exec start script
13 verbose stack Error: doctors-portal-server@1.0.0 start: `node index.js "dev"`
13 verbose stack Exit status 3221225786
13 verbose stack     at EventEmitter.<anonymous> (C:\Program Files\nodejs\node_modules\npm\node_modules\npm-lifecycle\index.js:332:16)
13 verbose stack     at EventEmitter.emit (events.js:400:28)
13 verbose stack     at ChildProcess.<anonymous> (C:\Program Files\nodejs\node_modules\npm\node_modules\npm-lifecycle\lib\spawn.js:55:14)
13 verbose stack     at ChildProcess.emit (events.js:400:28)
13 verbose stack     at maybeClose (internal/child_process.js:1058:16)
13 verbose stack     at Process.ChildProcess._handle.onexit (internal/child_process.js:293:5)
14 verbose pkgid doctors-portal-server@1.0.0
15 verbose cwd E:\Complete-Web-Development-Batch-4\project\full-stack-project\doctors-portal-server
16 verbose Windows_NT 10.0.19042
17 verbose argv "C:\\Program Files\\nodejs\\node.exe" "C:\\Program Files\\nodejs\\node_modules\\npm\\bin\\npm-cli.js" "start" "dev"
18 verbose node v14.18.1
19 verbose npm  v6.14.15
20 error code ELIFECYCLE
21 error errno 3221225786
22 error doctors-portal-server@1.0.0 start: `node index.js "dev"`
22 error Exit status 3221225786
23 error Failed at the doctors-portal-server@1.0.0 start script.
23 error This is probably not a problem with npm. There is likely additional logging output above.
24 verbose exit [ 3221225786, true ]
